<?xml version="1.0" encoding="UTF-8"?>
<testng-results ignored="0" total="6" passed="6" failed="0" skipped="0">
  <reporter-output>
  </reporter-output>
  <suite started-at="2022-03-19T12:33:45 IST" name="Default suite" finished-at="2022-03-19T12:34:47 IST" duration-ms="61997">
    <groups>
    </groups>
    <test started-at="2022-03-19T12:33:45 IST" name="Default test" finished-at="2022-03-19T12:34:47 IST" duration-ms="61997">
      <class name="adminpages_edd.Admin_Login_010_014_EDD">
        <test-method is-config="true" signature="startup()[pri:0, instance:adminpages_edd.Admin_Login_010_014_EDD@fa49800]" started-at="2022-03-19T12:33:47 IST" name="startup" finished-at="2022-03-19T12:33:52 IST" duration-ms="4868" status="PASS">
          <reporter-output>
          </reporter-output>
        </test-method> <!-- startup -->
        <test-method signature="userLogin(java.lang.String,java.lang.String)[pri:0, instance:adminpages_edd.Admin_Login_010_014_EDD@fa49800]" started-at="2022-03-19T12:33:52 IST" name="userLogin" data-provider="ExcelData" finished-at="2022-03-19T12:34:00 IST" duration-ms="8870" status="PASS">
          <params>
            <param index="0">
              <value>
                <![CDATA[user]]>
              </value>
            </param>
            <param index="1">
              <value>
                <![CDATA[pass]]>
              </value>
            </param>
          </params>
          <reporter-output>
          </reporter-output>
        </test-method> <!-- userLogin -->
        <test-method is-config="true" signature="tearDown()[pri:0, instance:adminpages_edd.Admin_Login_010_014_EDD@fa49800]" started-at="2022-03-19T12:34:00 IST" name="tearDown" finished-at="2022-03-19T12:34:01 IST" duration-ms="723" status="PASS">
          <reporter-output>
          </reporter-output>
        </test-method> <!-- tearDown -->
        <test-method is-config="true" signature="startup()[pri:0, instance:adminpages_edd.Admin_Login_010_014_EDD@fa49800]" started-at="2022-03-19T12:34:01 IST" name="startup" finished-at="2022-03-19T12:34:03 IST" duration-ms="1803" status="PASS">
          <reporter-output>
          </reporter-output>
        </test-method> <!-- startup -->
        <test-method signature="userLogin(java.lang.String,java.lang.String)[pri:0, instance:adminpages_edd.Admin_Login_010_014_EDD@fa49800]" started-at="2022-03-19T12:34:03 IST" name="userLogin" data-provider="ExcelData" finished-at="2022-03-19T12:34:09 IST" duration-ms="6067" status="PASS">
          <params>
            <param index="0">
              <value>
                <![CDATA[admin]]>
              </value>
            </param>
            <param index="1">
              <value>
                <![CDATA[admin]]>
              </value>
            </param>
          </params>
          <reporter-output>
          </reporter-output>
        </test-method> <!-- userLogin -->
        <test-method is-config="true" signature="tearDown()[pri:0, instance:adminpages_edd.Admin_Login_010_014_EDD@fa49800]" started-at="2022-03-19T12:34:09 IST" name="tearDown" finished-at="2022-03-19T12:34:09 IST" duration-ms="425" status="PASS">
          <reporter-output>
          </reporter-output>
        </test-method> <!-- tearDown -->
        <test-method is-config="true" signature="startup()[pri:0, instance:adminpages_edd.Admin_Login_010_014_EDD@fa49800]" started-at="2022-03-19T12:34:09 IST" name="startup" finished-at="2022-03-19T12:34:11 IST" duration-ms="1400" status="PASS">
          <reporter-output>
          </reporter-output>
        </test-method> <!-- startup -->
        <test-method signature="userLogin(java.lang.String,java.lang.String)[pri:0, instance:adminpages_edd.Admin_Login_010_014_EDD@fa49800]" started-at="2022-03-19T12:34:11 IST" name="userLogin" data-provider="ExcelData" finished-at="2022-03-19T12:34:17 IST" duration-ms="6463" status="PASS">
          <params>
            <param index="0">
              <value>
                <![CDATA[admin123]]>
              </value>
            </param>
            <param index="1">
              <value>
                <![CDATA[admin]]>
              </value>
            </param>
          </params>
          <reporter-output>
          </reporter-output>
        </test-method> <!-- userLogin -->
        <test-method is-config="true" signature="tearDown()[pri:0, instance:adminpages_edd.Admin_Login_010_014_EDD@fa49800]" started-at="2022-03-19T12:34:17 IST" name="tearDown" finished-at="2022-03-19T12:34:18 IST" duration-ms="799" status="PASS">
          <reporter-output>
          </reporter-output>
        </test-method> <!-- tearDown -->
        <test-method is-config="true" signature="startup()[pri:0, instance:adminpages_edd.Admin_Login_010_014_EDD@fa49800]" started-at="2022-03-19T12:34:18 IST" name="startup" finished-at="2022-03-19T12:34:19 IST" duration-ms="1185" status="PASS">
          <reporter-output>
          </reporter-output>
        </test-method> <!-- startup -->
        <test-method signature="userLogin(java.lang.String,java.lang.String)[pri:0, instance:adminpages_edd.Admin_Login_010_014_EDD@fa49800]" started-at="2022-03-19T12:34:19 IST" name="userLogin" data-provider="ExcelData" finished-at="2022-03-19T12:34:26 IST" duration-ms="6807" status="PASS">
          <params>
            <param index="0">
              <value>
                <![CDATA[admin]]>
              </value>
            </param>
            <param index="1">
              <value>
                <![CDATA[admin123]]>
              </value>
            </param>
          </params>
          <reporter-output>
          </reporter-output>
        </test-method> <!-- userLogin -->
        <test-method is-config="true" signature="tearDown()[pri:0, instance:adminpages_edd.Admin_Login_010_014_EDD@fa49800]" started-at="2022-03-19T12:34:26 IST" name="tearDown" finished-at="2022-03-19T12:34:27 IST" duration-ms="585" status="PASS">
          <reporter-output>
          </reporter-output>
        </test-method> <!-- tearDown -->
        <test-method is-config="true" signature="startup()[pri:0, instance:adminpages_edd.Admin_Login_010_014_EDD@fa49800]" started-at="2022-03-19T12:34:27 IST" name="startup" finished-at="2022-03-19T12:34:28 IST" duration-ms="1254" status="PASS">
          <reporter-output>
          </reporter-output>
        </test-method> <!-- startup -->
        <test-method signature="userLogin(java.lang.String,java.lang.String)[pri:0, instance:adminpages_edd.Admin_Login_010_014_EDD@fa49800]" started-at="2022-03-19T12:34:28 IST" name="userLogin" data-provider="ExcelData" finished-at="2022-03-19T12:34:34 IST" duration-ms="6085" status="PASS">
          <params>
            <param index="0">
              <value>
                <![CDATA[]]>
              </value>
            </param>
            <param index="1">
              <value>
                <![CDATA[admin]]>
              </value>
            </param>
          </params>
          <reporter-output>
          </reporter-output>
        </test-method> <!-- userLogin -->
        <test-method is-config="true" signature="tearDown()[pri:0, instance:adminpages_edd.Admin_Login_010_014_EDD@fa49800]" started-at="2022-03-19T12:34:34 IST" name="tearDown" finished-at="2022-03-19T12:34:35 IST" duration-ms="628" status="PASS">
          <reporter-output>
          </reporter-output>
        </test-method> <!-- tearDown -->
        <test-method is-config="true" signature="startup()[pri:0, instance:adminpages_edd.Admin_Login_010_014_EDD@fa49800]" started-at="2022-03-19T12:34:35 IST" name="startup" finished-at="2022-03-19T12:34:36 IST" duration-ms="1364" status="PASS">
          <reporter-output>
          </reporter-output>
        </test-method> <!-- startup -->
        <test-method signature="userLogin(java.lang.String,java.lang.String)[pri:0, instance:adminpages_edd.Admin_Login_010_014_EDD@fa49800]" started-at="2022-03-19T12:34:36 IST" name="userLogin" data-provider="ExcelData" finished-at="2022-03-19T12:34:42 IST" duration-ms="6036" status="PASS">
          <params>
            <param index="0">
              <value>
                <![CDATA[admin]]>
              </value>
            </param>
            <param index="1">
              <value>
                <![CDATA[]]>
              </value>
            </param>
          </params>
          <reporter-output>
          </reporter-output>
        </test-method> <!-- userLogin -->
        <test-method is-config="true" signature="tearDown()[pri:0, instance:adminpages_edd.Admin_Login_010_014_EDD@fa49800]" started-at="2022-03-19T12:34:42 IST" name="tearDown" finished-at="2022-03-19T12:34:47 IST" duration-ms="4573" status="PASS">
          <reporter-output>
          </reporter-output>
        </test-method> <!-- tearDown -->
      </class> <!-- adminpages_edd.Admin_Login_010_014_EDD -->
    </test> <!-- Default test -->
  </suite> <!-- Default suite -->
</testng-results>
