<?xml version="1.0" encoding="UTF-8"?>
<!-- Generated by org.testng.reporters.JUnitReportReporter -->
<testsuite hostname="LAPTOP-78FE9VUC" failures="0" tests="4" name="adminpages_tc.Admin_Login_005" time="25.090" errors="1" timestamp="2022-03-19T12:34:26 IST" skipped="3">
  <testcase classname="adminpages_tc.Admin_Login_005" name="launchURL" time="0.000">
    <skipped/>
  </testcase> <!-- launchURL -->
  <system-out/>
  <testcase classname="adminpages_tc.Admin_Login_005" name="clickAdmin" time="0.000">
    <skipped/>
  </testcase> <!-- clickAdmin -->
  <system-out/>
  <testcase classname="adminpages_tc.Admin_Login_005" name="chkBankNameSpell" time="0.000">
    <skipped/>
  </testcase> <!-- chkBankNameSpell -->
  <system-out/>
  <testcase classname="adminpages_tc.Admin_Login_005" name="setUp" time="25.090">
    <error message="unknown error: Chrome failed to start: exited normally.
  (chrome not reachable)
  (The process started from chrome location C:\Program Files (x86)\Google\Chrome\Application\chrome.exe is no longer running, so ChromeDriver is assuming that Chrome has crashed.)
Build info: version: &#039;3.141.59&#039;, revision: &#039;e82be7d358&#039;, time: &#039;2018-11-14T08:25:53&#039;
System info: host: &#039;LAPTOP-78FE9VUC&#039;, ip: &#039;192.168.137.1&#039;, os.name: &#039;Windows 10&#039;, os.arch: &#039;amd64&#039;, os.version: &#039;10.0&#039;, java.version: &#039;17&#039;
Driver info: driver.version: ChromeDriver
remote stacktrace: Backtrace:
	Ordinal0 [0x005B9943+2595139]
	Ordinal0 [0x0054C9F1+2148849]
	Ordinal0 [0x00444528+1066280]
	Ordinal0 [0x00461311+1184529]
	Ordinal0 [0x0045D6F1+1169137]
	Ordinal0 [0x00490530+1377584]
	Ordinal0 [0x0049018A+1376650]
	Ordinal0 [0x0048B806+1357830]
	Ordinal0 [0x00466086+1204358]
	Ordinal0 [0x00466F96+1208214]
	GetHandleVerifier [0x0075B232+1658114]
	GetHandleVerifier [0x0081312C+2411516]
	GetHandleVerifier [0x0064F261+560433]
	GetHandleVerifier [0x0064E366+556598]
	Ordinal0 [0x0055286B+2173035]
	Ordinal0 [0x005575F8+2192888]
	Ordinal0 [0x005576E5+2193125]
	Ordinal0 [0x005611FC+2232828]
	BaseThreadInitThunk [0x76FC6739+25]
	RtlGetFullPathName_UEx [0x77588E7F+1215]
	RtlGetFullPathName_UEx [0x77588E4D+1165]
" type="org.openqa.selenium.WebDriverException">
      <![CDATA[org.openqa.selenium.WebDriverException: unknown error: Chrome failed to start: exited normally.
  (chrome not reachable)
  (The process started from chrome location C:\Program Files (x86)\Google\Chrome\Application\chrome.exe is no longer running, so ChromeDriver is assuming that Chrome has crashed.)
Build info: version: '3.141.59', revision: 'e82be7d358', time: '2018-11-14T08:25:53'
System info: host: 'LAPTOP-78FE9VUC', ip: '192.168.137.1', os.name: 'Windows 10', os.arch: 'amd64', os.version: '10.0', java.version: '17'
Driver info: driver.version: ChromeDriver
remote stacktrace: Backtrace:
Ordinal0 [0x005B9943+2595139]
Ordinal0 [0x0054C9F1+2148849]
Ordinal0 [0x00444528+1066280]
Ordinal0 [0x00461311+1184529]
Ordinal0 [0x0045D6F1+1169137]
Ordinal0 [0x00490530+1377584]
Ordinal0 [0x0049018A+1376650]
Ordinal0 [0x0048B806+1357830]
Ordinal0 [0x00466086+1204358]
Ordinal0 [0x00466F96+1208214]
GetHandleVerifier [0x0075B232+1658114]
GetHandleVerifier [0x0081312C+2411516]
GetHandleVerifier [0x0064F261+560433]
GetHandleVerifier [0x0064E366+556598]
Ordinal0 [0x0055286B+2173035]
Ordinal0 [0x005575F8+2192888]
Ordinal0 [0x005576E5+2193125]
Ordinal0 [0x005611FC+2232828]
BaseThreadInitThunk [0x76FC6739+25]
RtlGetFullPathName_UEx [0x77588E7F+1215]
RtlGetFullPathName_UEx [0x77588E4D+1165]

at java.base/jdk.internal.reflect.NativeConstructorAccessorImpl.newInstance0(Native Method)
at java.base/jdk.internal.reflect.NativeConstructorAccessorImpl.newInstance(NativeConstructorAccessorImpl.java:77)
at java.base/jdk.internal.reflect.DelegatingConstructorAccessorImpl.newInstance(DelegatingConstructorAccessorImpl.java:45)
at java.base/java.lang.reflect.Constructor.newInstanceWithCaller(Constructor.java:499)
at java.base/java.lang.reflect.Constructor.newInstance(Constructor.java:480)
at org.openqa.selenium.remote.W3CHandshakeResponse.lambda$errorHandler$0(W3CHandshakeResponse.java:62)
at org.openqa.selenium.remote.HandshakeResponse.lambda$getResponseFunction$0(HandshakeResponse.java:30)
at org.openqa.selenium.remote.ProtocolHandshake.lambda$createSession$0(ProtocolHandshake.java:126)
at java.base/java.util.stream.ReferencePipeline$3$1.accept(ReferencePipeline.java:197)
at java.base/java.util.Spliterators$ArraySpliterator.tryAdvance(Spliterators.java:1002)
at java.base/java.util.stream.ReferencePipeline.forEachWithCancel(ReferencePipeline.java:129)
at java.base/java.util.stream.AbstractPipeline.copyIntoWithCancel(AbstractPipeline.java:527)
at java.base/java.util.stream.AbstractPipeline.copyInto(AbstractPipeline.java:513)
at java.base/java.util.stream.AbstractPipeline.wrapAndCopyInto(AbstractPipeline.java:499)
at java.base/java.util.stream.FindOps$FindOp.evaluateSequential(FindOps.java:150)
at java.base/java.util.stream.AbstractPipeline.evaluate(AbstractPipeline.java:234)
at java.base/java.util.stream.ReferencePipeline.findFirst(ReferencePipeline.java:647)
at org.openqa.selenium.remote.ProtocolHandshake.createSession(ProtocolHandshake.java:128)
at org.openqa.selenium.remote.ProtocolHandshake.createSession(ProtocolHandshake.java:74)
at org.openqa.selenium.remote.HttpCommandExecutor.execute(HttpCommandExecutor.java:136)
at org.openqa.selenium.remote.service.DriverCommandExecutor.execute(DriverCommandExecutor.java:83)
at org.openqa.selenium.remote.RemoteWebDriver.execute(RemoteWebDriver.java:552)
at org.openqa.selenium.remote.RemoteWebDriver.startSession(RemoteWebDriver.java:213)
at org.openqa.selenium.remote.RemoteWebDriver.<init>(RemoteWebDriver.java:131)
at org.openqa.selenium.chrome.ChromeDriver.<init>(ChromeDriver.java:181)
at org.openqa.selenium.chrome.ChromeDriver.<init>(ChromeDriver.java:168)
at org.openqa.selenium.chrome.ChromeDriver.<init>(ChromeDriver.java:123)
at adminpages_tc.BaseClass.setUp(BaseClass.java:30)
at java.base/jdk.internal.reflect.NativeMethodAccessorImpl.invoke0(Native Method)
at java.base/jdk.internal.reflect.NativeMethodAccessorImpl.invoke(NativeMethodAccessorImpl.java:77)
at java.base/jdk.internal.reflect.DelegatingMethodAccessorImpl.invoke(DelegatingMethodAccessorImpl.java:43)
at java.base/java.lang.reflect.Method.invoke(Method.java:568)
at org.testng.internal.MethodInvocationHelper.invokeMethod(MethodInvocationHelper.java:133)
at org.testng.internal.MethodInvocationHelper.invokeMethodConsideringTimeout(MethodInvocationHelper.java:62)
at org.testng.internal.ConfigInvoker.invokeConfigurationMethod(ConfigInvoker.java:385)
at org.testng.internal.ConfigInvoker.invokeConfigurations(ConfigInvoker.java:321)
at org.testng.internal.TestMethodWorker.invokeBeforeClassMethods(TestMethodWorker.java:176)
at org.testng.internal.TestMethodWorker.run(TestMethodWorker.java:122)
at java.base/java.util.concurrent.ThreadPoolExecutor.runWorker(ThreadPoolExecutor.java:1136)
at java.base/java.util.concurrent.ThreadPoolExecutor$Worker.run(ThreadPoolExecutor.java:635)
at java.base/java.lang.Thread.run(Thread.java:833)
]]>
    </error>
  </testcase> <!-- setUp -->
  <system-out/>
</testsuite> <!-- adminpages_tc.Admin_Login_005 -->
