<?xml version="1.0" encoding="UTF-8"?>
<!-- Generated by org.testng.reporters.JUnitXMLReporter -->
<testsuite ignored="0" hostname="LAPTOP-78FE9VUC" failures="0" tests="6" name="Default test" time="61.997" errors="0" timestamp="2022-03-19T12:34:47 IST">
  <testcase classname="adminpages_edd.Admin_Login_010_014_EDD" name="userLogin" time="8.87"/>
  <testcase classname="adminpages_edd.Admin_Login_010_014_EDD" name="userLogin" time="6.067"/>
  <testcase classname="adminpages_edd.Admin_Login_010_014_EDD" name="userLogin" time="6.463"/>
  <testcase classname="adminpages_edd.Admin_Login_010_014_EDD" name="userLogin" time="6.807"/>
  <testcase classname="adminpages_edd.Admin_Login_010_014_EDD" name="userLogin" time="6.085"/>
  <testcase classname="adminpages_edd.Admin_Login_010_014_EDD" name="userLogin" time="6.036"/>
</testsuite> <!-- Default test -->
